1540122338115	mozrunner::runner	INFO	Running command: "C:\\Program Files\\Mozilla Firefox\\firefox.exe" "-marionette" "-foreground" "-no-remote" "-profile" "C:\\Users\\dev\\AppData\\Local\\Temp\\rust_mozprofile.EQE4pWZ3FMfP"
[Child 648, Chrome_ChildThread] WARNING: pipe error: 109: file z:/build/build/src/ipc/chromium/src/chrome/common/ipc_channel_win.cc, line 346
[Parent 14724, Gecko_IOThread] WARNING: file z:/build/build/src/ipc/chromium/src/base/process_util_win.cc, line 188
1540122349636	Marionette	INFO	Listening on port 61205
1540122349935	Marionette	WARN	TLS certificate errors will be ignored for this session
1540122350125	Marionette	DEBUG	[6442450945] Frame script loaded
1540122350396	Marionette	DEBUG	[6442450945] Frame script registered
[Parent 14724, Gecko_IOThread] WARNING: pipe error: 109: file z:/build/build/src/ipc/chromium/src/chrome/common/ipc_channel_win.cc, line 346
[Parent 14724, Gecko_IOThread] WARNING: pipe error: 109: file z:/build/build/src/ipc/chromium/src/chrome/common/ipc_channel_win.cc, line 346
[Child 9948, Chrome_ChildThread] WARNING: pipe error: 109: file z:/build/build/src/ipc/chromium/src/chrome/common/ipc_channel_win.cc, line 346[Child 4068, Chrome_ChildThread] WARNING: pipe
 error: 109: file z:/build/build/src/ipc/chromium/src/chrome/common/ipc_channel_win.cc, line 346
[Child[Child 6612, Chrome_ChildThread] WARNING: pipe error: 109: file z:/build/build/src/ipc/chromium/src/chrome/common/ipc_channel_win.cc, line 346
[Child 66121540122365860	Marionette	INFO	Stopped listening on port 61205
[GPU 10076,
###!!! [Child][MessageChannel::SendAndWait] Error: Channel error: cannot send/recv

1540122380015	mozrunner::runner	INFO	Running command: "C:\\Program Files\\Mozilla Firefox\\firefox.exe" "-marionette" "-foreground" "-no-remote" "-profile" "C:\\Users\\dev\\AppData\\Local\\Temp\\rust_mozprofile.Oo0GHJ0Emeyk"
1540122385064	Marionette	INFO	Listening on port 61266
1540122385450	Marionette	WARN	TLS certificate errors will be ignored for this session
1540122385538	Marionette	DEBUG	[6442450945] Frame script loaded
1540122385540	Marionette	DEBUG	[6442450945] Frame script registered
1540122385925	Marionette	DEBUG	[6442450945] Received DOM event beforeunload for about:blank
1540122388359	Marionette	DEBUG	[6442450945] Received DOM event pagehide for about:blank
1540122389363	Marionette	DEBUG	[6442450945] Received DOM event DOMContentLoaded for https://www.google.cz/
1540122390339	Marionette	DEBUG	[6442450945] Received DOM event pageshow for https://www.google.cz/
[Parent 12392, Gecko_IOThread] WARNING: pipe error: 109: file z:/build/build/src/ipc/chromium/src/chrome/common/ipc_channel_win.cc, line 346
[Child 11016, Chrome_ChildThread] WARNING: pipe error: 109: file z:/build/build/src/ipc/chromium/src/chrome/common/ipc_channel_win.cc, line 346
[Child 1101[Parent 12392, Gecko_IOThread] WARNING: pipe error: 109: file z:/build/build/src/ipc/chromium/src/chrome/common/ipc_channel_win.cc, line 346
[Child 5880, Chrome_ChildThread] WARNING: pipe error: 109: file z:/build/build/src/ipc/chromium/src/chrome/common/ipc_channel_win.cc, line 346
[Child 5881540122392910	Marionette	INFO	Stopped listening on port 61266
[GPU 3560, Chrome_ChildThread
###!!! [Child][MessageChannel::SendAndWait] Error: Channel error: cannot send/recv

1540122640745	mozrunner::runner	INFO	Running command: "C:\\Program Files\\Mozilla Firefox\\firefox.exe" "-marionette" "-foreground" "-no-remote" "-profile" "C:\\Users\\dev\\AppData\\Local\\Temp\\rust_mozprofile.EPTzUkTb3ZJ9"
1540122647393	Marionette	INFO	Listening on port 61719
1540122647874	Marionette	WARN	TLS certificate errors will be ignored for this session
1540122647958	Marionette	DEBUG	[6442450945] Frame script loaded
1540122647959	Marionette	DEBUG	[6442450945] Frame script registered
1540122647974	Marionette	DEBUG	[6442450945] Received DOM event beforeunload for about:blank
1540122648929	Marionette	DEBUG	[6442450945] Received DOM event pagehide for about:blank
1540122649035	Marionette	DEBUG	[6442450945] Received DOM event DOMContentLoaded for https://www.google.cz/
1540122649691	Marionette	DEBUG	[6442450945] Received DOM event pageshow for https://www.google.cz/
1540122650806	Marionette	DEBUG	[6442450945] Received DOM event beforeunload for https://www.google.cz/
1540122651030	Marionette	DEBUG	[6442450945] Received DOM event pagehide for https://www.google.cz/
1540122651033	Marionette	DEBUG	[6442450945] Received DOM event unload for https://www.google.cz/
1540122652708	Marionette	DEBUG	[6442450945] Received DOM event DOMContentLoaded for https://www.google.cz/search?source=hp&ei=GGjMW7X-LOHgsAfm9rXAAw&q=rododendron&oq=rododendron&gs_l=psy-ab.12...649.875.0.1199.11.2.0.0.0.0.0.0..0.0....0...1.1.64.psy-ab..11.0.0....0.xCOFruXDeqY
1540122653447	Marionette	DEBUG	[6442450945] Received DOM event pageshow for https://www.google.cz/search?source=hp&ei=GGjMW7X-LOHgsAfm9rXAAw&q=rododendron&oq=rododendron&gs_l=psy-ab.12...649.875.0.1199.11.2.0.0.0.0.0.0..0.0....0...1.1.64.psy-ab..11.0.0....0.xCOFruXDeqY
[Parent 9508, Gecko_IOThread] WARNING: pipe error: 109: file z:/build/build/src/ipc/chromium/src/chrome/common/ipc_channel_win.cc, line 346
[Child 8828, Chrome_ChildThread] WARNING: pipe error: 109: file z:/build/build/src/ipc/chromium/src/chrome/common/ipc_channel_win.cc, line 346
[Child 8828[Parent 9508, Gecko_IOThread] WARNING: pipe error: 109: file z:/build/build/src/ipc/chromium/src/chrome/common/ipc_channel_win.cc, line 346
[Child 14884, Chrome_ChildThread] WARNING: pipe error: 109: file z:/build/build/src/ipc/chromium/src/chrome/common/ipc_channel_win.cc, line 346
[Child 11540122663618	Marionette	INFO	Stopped listening on port 61719
[GPU 7456
###!!! [Child][MessageChannel::SendAndWait] Error: Channel error: cannot send/recv

1540124715884	mozrunner::runner	INFO	Running command: "C:\\Program Files\\Mozilla Firefox\\firefox.exe" "-marionette" "-foreground" "-no-remote" "-profile" "C:\\Users\\dev\\AppData\\Local\\Temp\\rust_mozprofile.9b3U86z9wnY2"
1540124719644	Marionette	INFO	Listening on port 49267
1540124719773	Marionette	WARN	TLS certificate errors will be ignored for this session
1540124719839	Marionette	DEBUG	[6442450945] Frame script loaded
1540124719842	Marionette	DEBUG	[6442450945] Frame script registered
[Child 15232, Chrome_ChildThread] WARNING: pipe error: 109: file z:/build/build/src/ipc/chromium/src/chrome/common/ipc_channel_win.cc, line 346[Child 11780, Chrome_ChildThread] WARNING: pipe error: 109: file z:/build/build/src/ipc/chromium/src/chrome/common/ipc_
channel_w[in.cc, line 346
[Child[Parent 6620, Gecko_IOThread] WARNING: pipe error: 109: file z:/build/build/src/ipc/chromium/src/chrome/common/ipc_channel_win.cc, line 346
[Child 4288, Chrome_ChildThread] WARNING: pipe error: 109: file z:/build/build/src/ipc/chromium/src/chrome/common/ipc_channel_win.cc, line 346
[Child 4281540124946190	Marionette	INFO	Stopped listening on port 49267
[GPU 402
###!!! [Child][MessageChannel::SendAndWait] Error: Channel error: cannot send/recv

ntentLoaded for http://www.newtours.demoaut.com/
1540124817331	Marionette	DEBUG	[6442450945] Received DOM event pageshow for http://www.newtours.demoaut.com/
[Parent 9844, Gecko_IOThread] WARNING: pipe error: 109: file z:/build/build/src/ipc/chromium/src/chrome/common/ipc_channel_win.cc, line 346
[Parent 9844, Gecko_IOThread] WARNING: pipe error: 109: file z:/build/build/src/ipc/chromium/src/chrome/common/ipc_channel_win.cc, line 346
[Child 10080, Chrome_ChildThread] WARNING: pipe error: 109: file z:/build/build/sr[Chic/ipc/chromium/src/chrome/common/ipc_channel_win.cc, line 346l
d 12316, Chrome_ChildThread] WARNING: pipe err[or: 109: file z:/build/build/src/ipc/chromium/src/chrome/common/ipc_channel_win.cc, line 346
[Child [Parent 9844, Gecko_IOThread] WARNING: pipe error: 109: file z:/build/build/src/ipc/chromium/src/chrome/common/ipc_channel_win.cc, line 346
1540124824571	Marionette	INFO	Stopped listening on port 49486
[GPU 4376,
###!!! [Child][MessageChannel::SendAndWait] Error: Channel error: cannot send/recv

1540124844952	mozrunner::runner	INFO	Running command: "C:\\Program Files\\Mozilla Firefox\\firefox.exe" "-marionette" "-foreground" "-no-remote" "-profile" "C:\\Users\\dev\\AppData\\Local\\Temp\\rust_mozprofile.gFA8GcbSislb"
1540124849307	Marionette	INFO	Listening on port 49584
1540124849400	Marionette	WARN	TLS certificate errors will be ignored for this session
1540124849465	Marionette	DEBUG	[6442450945] Frame script loaded
1540124849468	Marionette	DEBUG	[6442450945] Frame script registered
1540124849484	Marionette	DEBUG	[6442450945] Received DOM event beforeunload for about:blank
1540124849931	Marionette	DEBUG	[6442450945] Received DOM event pagehide for about:blank
1540124850112	Marionette	DEBUG	[6442450945] Received DOM event DOMContentLoaded for http://www.newtours.demoaut.com/
1540124850901	Marionette	DEBUG	[6442450945] Received DOM event pageshow for http://www.newtours.demoaut.com/
1540124850995	Marionette	DEBUG	[6442450945] Received DOM event beforeunload for http://www.newtours.demoaut.com/
1540124855000	Marionette	DEBUG	[6442450945] Received DOM event pagehide for http://www.newtours.demoaut.com/
1540124855001	Marionette	DEBUG	[6442450945] Received DOM event unload for http://www.newtours.demoaut.com/
1540124855187	Marionette	DEBUG	[6442450945] Received DOM event DOMContentLoaded for http://newtours.demoaut.com/mercuryreservation.php?osCsid=73ae4af699382a953612a060bf1820c0
1540124855543	Marionette	DEBUG	[6442450945] Received DOM event pageshow for http://newtours.demoaut.com/mercuryreservation.php?osCsid=73ae4af699382a953612a060bf1820c0
[Child 12572, Chrome_ChildThread] WARNING: pipe error: 109: file z:/build/build/src/ipc/chromium/src/chrome/common/ipc[Child 5108, Chrome_ChildThread] WARNING: pipe error: 109: file z:/build/build/src/ipc/chromium/src/chrome/common/ipc_channel_win.cc, line 346_
channel_win.cc, line 346
[Child 125[Parent 7064, Gecko_IOThread] WARNING: pipe error: 109: file z:/build/build/src/ipc/chromium/src/chrome/common/ipc_channel_win.cc, line 346
[Child 2316, Chrome_ChildThread] WARNING: pipe error: 109: file z:/build/build/src/ipc/chromium/src/chrome/common/ipc_channel_win.cc, line 346
[Child 21540124859818	Marionette	INFO	Stopped listening on port 49584

###!!! [Child][MessageChannel::SendAndWait] Error: Channel error: cannot send/recv

